<?xml version="1.0" encoding="UTF-8"?>
<!-- Generated by org.testng.reporters.JUnitReportReporter -->
<testsuite hostname="LAPTOP-K8SJEKK1" failures="0" tests="1" name="test.Naukritest" time="30.049" errors="0" timestamp="2024-03-23T19:36:22 IST" skipped="0">
  <testcase classname="test.Naukritest" name="verifylogintest" time="30.049"/>
  <system-out/>
</testsuite> <!-- test.Naukritest -->
