<?xml version="1.0" encoding="UTF-8"?>
<!-- Generated by org.testng.reporters.JUnitReportReporter -->
<testsuite hostname="LAPTOP-K8SJEKK1" failures="0" tests="1" name="test.Naukritest" time="21.281" errors="0" timestamp="2024-03-22T22:14:55 IST" skipped="0">
  <testcase classname="test.Naukritest" name="verifylogintest" time="21.281"/>
  <system-out/>
</testsuite> <!-- test.Naukritest -->
